[16:03:44] [main/INFO]: Loading Minecraft 26.1.2 with Fabric Loader 0.19.2
[16:03:44] [main/INFO]: Mappings not present!
[16:03:45] [main/INFO]: Loading 41 mods:
	- fabric-api 0.146.1+26.1.2
	   |-- fabric-api-base 2.0.3+ece063234c
	   |-- fabric-api-lookup-api-v1 2.0.10+d5a053b64c
	   |-- fabric-biome-api-v1 18.0.4+35c80edc4c
	   |-- fabric-block-api-v1 3.0.2+ec56b6014c
	   |-- fabric-block-getter-api-v2 2.0.6+ec56b6014c
	   |-- fabric-command-api-v2 3.0.5+e2bdee784c
	   |-- fabric-content-registries-v0 11.0.12+d871b99e4c
	   |-- fabric-convention-tags-v2 4.4.0+f006eade4c
	   |-- fabric-crash-report-info-v1 1.0.3+9f78a5a84c
	   |-- fabric-creative-tab-api-v1 5.0.10+d871b99e4c
	   |-- fabric-data-attachment-api-v1 2.2.4+d602a8964c
	   |-- fabric-data-generation-api-v1 24.0.18+35c80edc4c
	   |-- fabric-debug-api-v1 1.0.1+c792624d4c
	   |-- fabric-dimensions-v1 5.1.4+9cbf5da54c
	   |-- fabric-entity-events-v1 5.0.2+e2bdee784c
	   |-- fabric-events-interaction-v0 5.1.10+c82f04614c
	   |-- fabric-game-rule-api-v1 4.0.5+d871b99e4c
	   |-- fabric-item-api-v1 14.1.0+9833182c4c
	   |-- fabric-key-mapping-api-v1 2.0.4+e2bdee784c
	   |-- fabric-lifecycle-events-v1 4.0.6+a9b9c1764c
	   |-- fabric-loot-api-v3 3.0.11+00a1fba64c
	   |-- fabric-menu-api-v1 2.0.12+d871b99e4c
	   |-- fabric-message-api-v1 7.0.5+dae8ce3e4c
	   |-- fabric-model-loading-api-v1 8.0.4+c80601bb4c
	   |-- fabric-networking-api-v1 6.3.0+50a808ce4c
	   |-- fabric-object-builder-api-v1 23.0.14+b95dd56e4c
	   |-- fabric-particles-v1 5.0.14+b61fef434c
	   |-- fabric-recipe-api-v1 9.0.13+be4b75ae4c
	   |-- fabric-registry-sync-v0 7.0.12+b61fef434c
	   |-- fabric-renderer-api-v1 13.0.1+c80601bb4c
	   |-- fabric-renderer-indigo 8.0.3+a6be36ef4c
	   |-- fabric-rendering-fluids-v1 6.0.1+d871b99e4c
	   |-- fabric-rendering-v1 23.0.5+08c26e364c
	   |-- fabric-resource-conditions-api-v1 6.0.5+00a1fba64c
	   |-- fabric-resource-loader-v0 3.3.16+4fc5413f4c
	   |-- fabric-resource-loader-v1 2.0.9+d871b99e4c
	   |-- fabric-screen-api-v1 5.0.1+d871b99e4c
	   |-- fabric-serialization-api-v1 2.0.3+11a26f314c
	   |-- fabric-sound-api-v1 2.0.4+11a26f314c
	   |-- fabric-tag-api-v1 2.0.9+11a26f314c
	   |-- fabric-transfer-api-v1 8.0.4+357ea7334c
	   \-- fabric-transitive-access-wideners-v1 8.0.11+d871b99e4c
	- fabricloader 0.19.2
	   \-- mixinextras 0.5.4
	- java 25
	- lithium 0.24.2+mc26.1.2
	- minecraft 26.1.2
[16:03:45] [main/INFO]: SpongePowered MIXIN Subsystem Version=0.8.7 Source=file:/workspaces/minecraftproject/libraries/net/fabricmc/sponge-mixin/0.17.2+mixin.0.8.7/sponge-mixin-0.17.2+mixin.0.8.7.jar Service=Knot/Fabric Env=SERVER
[16:03:45] [main/INFO]: Compatibility level set to JAVA_25
[16:03:45] [main/INFO]: Loaded configuration file for Lithium: 168 options available, 0 override(s) found.
[16:03:46] [main/INFO]: Initializing MixinExtras via com.llamalad7.mixinextras.service.MixinExtrasServiceImpl(version=0.5.4).
[16:03:52] [main/INFO]: Environment: Environment[sessionHost=https://sessionserver.mojang.com, servicesHost=https://api.minecraftservices.com, profilesHost=https://api.mojang.com, name=PROD]
[16:03:55] [main/INFO]: Loaded 1515 recipes
[16:03:55] [main/INFO]: Loaded 1617 advancements
[16:03:55] [main/INFO]: Applied 0 biome modifications to 0 of 65 new biomes in 1.690 ms
[16:03:55] [Server thread/INFO]: Starting minecraft server version 26.1.2
[16:03:55] [Server thread/INFO]: Loading properties
[16:03:55] [Server thread/INFO]: Default game type: SURVIVAL
[16:03:55] [Server thread/INFO]: Generating keypair
[16:03:55] [Server thread/INFO]: Starting Minecraft server on *:25565
[16:03:55] [Server thread/WARN]: **** SERVER IS RUNNING IN OFFLINE/INSECURE MODE!
[16:03:55] [Server thread/WARN]: The server will make no attempt to authenticate usernames. Beware.
[16:03:55] [Server thread/WARN]: While this makes the game possible to play without internet access, it also opens up the ability for hackers to connect with any username they choose.
[16:03:55] [Server thread/WARN]: To change this, set "online-mode" to "true" in the server.properties file.
[16:03:55] [Server thread/INFO]: Preparing level "world"
[16:03:57] [Server thread/INFO]: Loading 0 persistent chunks...
[16:03:57] [Server thread/INFO]: Preparing spawn area: 100%
[16:03:57] [Server thread/INFO]: Time elapsed: 105 ms
[16:03:57] [Server thread/INFO]: Done (1.822s)! For help, type "help"
[16:03:57] [Server thread/INFO]: Saving chunks for level 'ServerLevel[world]'/minecraft:overworld
[16:03:57] [Server thread/INFO]: Saving chunks for level 'ServerLevel[world]'/minecraft:the_nether
[16:03:57] [Server thread/INFO]: Saving chunks for level 'ServerLevel[world]'/minecraft:the_end
[16:03:57] [Server thread/INFO]: ThreadedAnvilChunkStorage (world): All chunks are saved
[16:03:57] [Server thread/INFO]: ThreadedAnvilChunkStorage (DIM-1): All chunks are saved
[16:03:57] [Server thread/INFO]: ThreadedAnvilChunkStorage (DIM1): All chunks are saved
[16:03:57] [Server thread/INFO]: ThreadedAnvilChunkStorage: All dimensions are saved
[16:04:02] [Server thread/INFO]: Stopping the server
[16:04:02] [Server thread/INFO]: Stopping server
[16:04:02] [Server thread/INFO]: Saving players
[16:04:02] [Server thread/INFO]: Saving worlds
[16:04:02] [Server thread/INFO]: Saving chunks for level 'ServerLevel[world]'/minecraft:overworld
[16:04:02] [Server thread/INFO]: Saving chunks for level 'ServerLevel[world]'/minecraft:the_nether
[16:04:02] [Server thread/INFO]: Saving chunks for level 'ServerLevel[world]'/minecraft:the_end
[16:04:02] [Server thread/INFO]: ThreadedAnvilChunkStorage (world): All chunks are saved
[16:04:02] [Server thread/INFO]: ThreadedAnvilChunkStorage (DIM-1): All chunks are saved
[16:04:02] [Server thread/INFO]: ThreadedAnvilChunkStorage (DIM1): All chunks are saved
[16:04:02] [Server thread/INFO]: ThreadedAnvilChunkStorage: All dimensions are saved
