#
# There is insufficient memory for the Java Runtime Environment to continue.
# Native memory allocation (mmap) failed to map 12884901888 bytes. Error detail: committing reserved memory.
# Possible reasons:
#   The system is out of physical RAM or swap space
#   This process has exceeded the maximum number of memory mappings (check below
#     for `/proc/sys/vm/max_map_count` and `Total number of mappings`)
#   This process is running with CompressedOops enabled, and the Java Heap may be blocking the growth of the native heap
# Possible solutions:
#   Reduce memory load on the system
#   Increase physical memory or swap space
#   Check if swap backing store is full
#   Decrease Java heap size (-Xmx/-Xms)
#   Decrease number of Java threads
#   Decrease Java thread stack sizes (-Xss)
#   Set larger code cache with -XX:ReservedCodeCacheSize=
#   JVM is running with Zero Based Compressed Oops mode in which the Java heap is
#     placed in the first 32GB address space. The Java Heap base address is the
#     maximum limit for the native heap growth. Please use -XX:HeapBaseMinAddress
#     to set the Java Heap base and to place the Java Heap above 32GB virtual address.
# This output file may be truncated or incomplete.
#
#  Out of Memory Error (os_linux.cpp:2965), pid=18825, tid=18826
#
# JRE version:  (25.0.2+10) (build )
# Java VM: OpenJDK 64-Bit Server VM (25.0.2+10-LTS, mixed mode, sharing, tiered, compressed oops, compressed class ptrs, g1 gc, linux-amd64)
# Core dump will be written. Default location: Core dumps may be processed with "/usr/share/apport/apport -p%p -s%s -c%c -d%d -P%P -u%u -g%g -F%F -- %E" (or dumping to /workspaces/minecraftproject/minecraft_server/core.18825)
#

---------------  S U M M A R Y ------------

Command Line: -Xmx12288M -Xms12288M server.jar nogui

Host: AMD EPYC 7763 64-Core Processor, 2 cores, 7G, Ubuntu 24.04.4 LTS
Time: Mon Apr 20 16:04:57 2026 UTC elapsed time: 0.005247 seconds (0d 0h 0m 0s)

---------------  T H R E A D  ---------------

Current thread (0x000077b4cc029fc0):  JavaThread "Unknown thread" [_thread_in_vm, id=18826, stack(0x000077b4d1765000,0x000077b4d1865000) (1024K)]

Stack: [0x000077b4d1765000,0x000077b4d1865000],  sp=0x000077b4d1861430,  free space=1009k
Native frames: (J=compiled Java code, j=interpreted, Vv=VM code, C=native code)
V  [libjvm.so+0x1195fe4]  VMError::report(outputStream*, bool)+0x2d04  (os_linux.cpp:2965)
V  [libjvm.so+0x11983ae]  VMError::report_and_die(int, char const*, char const*, __va_list_tag*, Thread*, unsigned char*, void const*, void const*, char const*, int, unsigned long)+0x2be
V  [libjvm.so+0x1198f6d]
V  [libjvm.so+0x778a2f]
V  [libjvm.so+0xe24118]  os::Linux::commit_memory_impl(char*, unsigned long, bool) [clone .part.0]+0xe8
V  [libjvm.so+0xe246a2]  os::pd_commit_memory_or_exit(char*, unsigned long, unsigned long, bool, char const*)+0x82
V  [libjvm.so+0xe1762d]  os::commit_memory_or_exit(char*, unsigned long, unsigned long, bool, char const*)+0x1d
V  [libjvm.so+0x9055bb]  G1PageBasedVirtualSpace::commit(unsigned long, unsigned long)+0xfb
V  [libjvm.so+0x91b5ff]  G1RegionsLargerThanCommitSizeMapper::commit_regions(unsigned int, unsigned long, WorkerThreads*)+0x9f
V  [libjvm.so+0x8eec55]  G1HeapRegionManager::commit_regions(unsigned int, unsigned long, WorkerThreads*)+0x55
V  [libjvm.so+0x8f084b]  G1HeapRegionManager::expand(unsigned int, unsigned int, WorkerThreads*)+0x2b
V  [libjvm.so+0x8f0a6e]  G1HeapRegionManager::expand_by(unsigned int, WorkerThreads*)+0x7e
V  [libjvm.so+0x8a3fa6]  G1CollectedHeap::expand(unsigned long, WorkerThreads*, double*)+0xb6
V  [libjvm.so+0x8a5fae]  G1CollectedHeap::initialize()+0x58e
V  [libjvm.so+0x113aa2b]  universe_init()+0xeb
V  [libjvm.so+0x9bee11]  init_globals()+0x61
V  [libjvm.so+0x1113c48]  Threads::create_vm(JavaVMInitArgs*, bool*)+0x2e8
V  [libjvm.so+0xaaaaff]  JNI_CreateJavaVM+0x4f
C  [libjli.so+0x3bbb]  JavaMain+0x8b
C  [libjli.so+0x7b49]  ThreadJavaMain+0x9
C  [libc.so.6+0x9caa4]
Lock stack of current Java thread (top to bottom):


---------------  P R O C E S S  ---------------

Threads class SMR info:
_java_thread_list=0x000077b4d307dae0, length=0, elements={
}

Java Threads: ( => current thread )
Total: 0

Other Threads:
  0x000077b4cc082dd0 WorkerThread "GC Thread#0"                     [id=18827, stack(0x000077b4d11a2000,0x000077b4d12a2000) (1024K)]
  0x000077b4cc096620 ConcurrentGCThread "G1 Main Marker"            [id=18828, stack(0x000077b4d10a1000,0x000077b4d11a1000) (1024K)]
  0x000077b4cc0977f0 WorkerThread "G1 Conc#0"                       [id=18829, stack(0x000077b4d0fa0000,0x000077b4d10a0000) (1024K)]

[error occurred during error reporting (printing all threads), id 0xb, SIGSEGV (0xb) at pc=0x000077b4d221707b]
VM state: not at safepoint (not fully initialized)

VM Mutex/Monitor currently owned by a thread:  ([mutex/lock_event])
[0x000077b4d3057088] Heap_lock - owner thread: 0x000077b4cc029fc0

Heap address: 0x0000000500000000, size: 12288 MB, Compressed Oops mode: Zero based, Oop shift amount: 3

CDS archive(s) mapped at: [0x0000000000000000-0x0000000000000000-0x0000000000000000), size 0, SharedBaseAddress: 0x0000000800000000, ArchiveRelocationMode: 1.
UseCompressedClassPointers 1, UseCompactObjectHeaders 0
Narrow klass pointer bits 32, Max shift 3
Narrow klass base: 0xffffffffffffffff, Narrow klass shift: -1
Encoding Range: [0xffffffffffffffff - 0x000000007fffffff), (2147483648 bytes)
Klass Range:    [0x0000000000000000 - 0x0000000000000000), (0 bytes)
Klass ID Range:  [4294967295 - 0) (1)
No protection zone.

GC Precious Log:
 CardTable entry size: 512
 Card Set container configuration: InlinePtr #cards 4 size 8 Array Of Cards #cards 64 size 144 Howl #buckets 8 coarsen threshold 14745 Howl Bitmap #cards 2048 size 272 coarsen threshold 1843 Card regions per heap region 1 cards per card region 16384

Heap:
 garbage-first heap   total reserved 12582912K, committed 0K, used 0K [0x0000000500000000, 0x0000000800000000)
  region size 8192K, 0 young (0K), 0 survivors (0K)

Heap Regions: E=young(eden), S=young(survivor), O=old, HS=humongous(starts), HC=humongous(continues), CS=collection set, F=free, TAMS=top-at-mark-start, PB=parsable bottom

Card table byte_map: [0x000077b4b1400000,0x000077b4b2c00000] _byte_map_base: 0x000077b4aec00000

Marking Bits: (CMBitMap*) 0x000077b4cc083b20
 Bits: [0x000077b4a5400000, 0x000077b4b1400000)

GC Heap Usage History (0 events):
No events

Metaspace Usage History (0 events):
No events

Dll operation events (1 events):
Event: 0.003 Loaded shared library /usr/local/sdkman/candidates/java/25.0.2-ms/lib/libjava.so

Deoptimization events (0 events):
No events

Classes loaded (0 events):
No events

Classes unloaded (0 events):
No events

Classes redefined (0 events):
No events

Internal exceptions (0 events):
No events

VM Operations (0 events):
No events

Memory protections (1 events):
Event: 0.002 Protecting memory [0x000077b4d1765000,0x000077b4d1769000] with protection modes 0

Nmethod flushes (0 events):
No events

Events (0 events):
No events


Dynamic libraries:
576385739000-57638573a000 r-xp 00000000 00:2d 77694                      /usr/local/sdkman/candidates/java/25.0.2-ms/bin/java
57638573b000-57638573c000 r--p 00001000 00:2d 77694                      /usr/local/sdkman/candidates/java/25.0.2-ms/bin/java
57638573c000-57638573d000 rw-p 00002000 00:2d 77694                      /usr/local/sdkman/candidates/java/25.0.2-ms/bin/java
5763aafec000-5763ab035000 rw-p 00000000 00:00 0                          [heap]
77b496000000-77b498021000 rw-p 00000000 00:00 0 
77b498021000-77b49c000000 ---p 00000000 00:00 0 
77b49c000000-77b49c021000 rw-p 00000000 00:00 0 
77b49c021000-77b4a0000000 ---p 00000000 00:00 0 
77b4a0000000-77b4a0021000 rw-p 00000000 00:00 0 
77b4a0021000-77b4a4000000 ---p 00000000 00:00 0 
77b4a5400000-77b4b4400000 ---p 00000000 00:00 0 
77b4b4400000-77b4b4670000 rwxp 00000000 00:00 0 
77b4b4670000-77b4bb938000 ---p 00000000 00:00 0 
77b4bb938000-77b4bbba8000 rwxp 00000000 00:00 0 
77b4bbba8000-77b4bbec6000 ---p 00000000 00:00 0 
77b4bbec6000-77b4bc136000 rwxp 00000000 00:00 0 
77b4bc136000-77b4c3400000 ---p 00000000 00:00 0 
77b4c3505000-77b4cc000000 r--s 00000000 00:2d 78193                      /usr/local/sdkman/candidates/java/25.0.2-ms/lib/modules
77b4cc000000-77b4cc0ce000 rw-p 00000000 00:00 0 
77b4cc0ce000-77b4d0000000 ---p 00000000 00:00 0 
77b4d08cc000-77b4d0f9f000 rw-p 00000000 00:00 0 
77b4d0f9f000-77b4d0fa0000 ---p 00000000 00:00 0 
77b4d0fa0000-77b4d10a0000 rw-p 00000000 00:00 0 
77b4d10a0000-77b4d10a1000 ---p 00000000 00:00 0 
77b4d10a1000-77b4d11a1000 rw-p 00000000 00:00 0 
77b4d11a1000-77b4d11a2000 ---p 00000000 00:00 0 
77b4d11a2000-77b4d12a2000 rw-p 00000000 00:00 0 
77b4d12a2000-77b4d153e000 rw-p 00000000 00:00 0 
77b4d153e000-77b4d1624000 ---p 00000000 00:00 0 
77b4d1624000-77b4d1629000 rw-p 00000000 00:00 0 
77b4d1629000-77b4d1630000 ---p 00000000 00:00 0 
77b4d1630000-77b4d1635000 rw-p 00000000 00:00 0 
77b4d1635000-77b4d171b000 ---p 00000000 00:00 0 
77b4d171b000-77b4d173b000 r-xp 00000000 00:2d 78168                      /usr/local/sdkman/candidates/java/25.0.2-ms/lib/libjava.so
77b4d173b000-77b4d173c000 r--p 0001f000 00:2d 78168                      /usr/local/sdkman/candidates/java/25.0.2-ms/lib/libjava.so
77b4d173c000-77b4d173d000 rw-p 00020000 00:2d 78168                      /usr/local/sdkman/candidates/java/25.0.2-ms/lib/libjava.so
77b4d173d000-77b4d173e000 rw-p 00000000 00:00 0 
77b4d173e000-77b4d1746000 rw-s 00000000 08:11 393223                     /tmp/hsperfdata_codespace/18825
77b4d1746000-77b4d1761000 r-xp 00000000 00:2d 78172                      /usr/local/sdkman/candidates/java/25.0.2-ms/lib/libjimage.so
77b4d1761000-77b4d1762000 ---p 0001b000 00:2d 78172                      /usr/local/sdkman/candidates/java/25.0.2-ms/lib/libjimage.so
77b4d1762000-77b4d1764000 r--p 0001b000 00:2d 78172                      /usr/local/sdkman/candidates/java/25.0.2-ms/lib/libjimage.so
77b4d1764000-77b4d1765000 rw-p 0001d000 00:2d 78172                      /usr/local/sdkman/candidates/java/25.0.2-ms/lib/libjimage.so
77b4d1765000-77b4d1769000 ---p 00000000 00:00 0 
77b4d1769000-77b4d1865000 rw-p 00000000 00:00 0 
77b4d1865000-77b4d1875000 r--p 00000000 00:2d 1049506                    /usr/lib/x86_64-linux-gnu/libm.so.6
77b4d1875000-77b4d18f4000 r-xp 00010000 00:2d 1049506                    /usr/lib/x86_64-linux-gnu/libm.so.6
77b4d18f4000-77b4d194c000 r--p 0008f000 00:2d 1049506                    /usr/lib/x86_64-linux-gnu/libm.so.6
77b4d194c000-77b4d194d000 r--p 000e7000 00:2d 1049506                    /usr/lib/x86_64-linux-gnu/libm.so.6
77b4d194d000-77b4d194e000 rw-p 000e8000 00:2d 1049506                    /usr/lib/x86_64-linux-gnu/libm.so.6
77b4d194e000-77b4d194f000 r--p 00000000 00:2d 1049545                    /usr/lib/x86_64-linux-gnu/librt.so.1
77b4d194f000-77b4d1950000 r-xp 00001000 00:2d 1049545                    /usr/lib/x86_64-linux-gnu/librt.so.1
77b4d1950000-77b4d1951000 r--p 00002000 00:2d 1049545                    /usr/lib/x86_64-linux-gnu/librt.so.1
77b4d1951000-77b4d1952000 r--p 00002000 00:2d 1049545                    /usr/lib/x86_64-linux-gnu/librt.so.1
77b4d1952000-77b4d1953000 rw-p 00003000 00:2d 1049545                    /usr/lib/x86_64-linux-gnu/librt.so.1
77b4d1953000-77b4d2ef8000 r-xp 00000000 00:2d 78206                      /usr/local/sdkman/candidates/java/25.0.2-ms/lib/server/libjvm.so
77b4d2ef8000-77b4d2ef9000 ---p 015a5000 00:2d 78206                      /usr/local/sdkman/candidates/java/25.0.2-ms/lib/server/libjvm.so
77b4d2ef9000-77b4d2fe2000 r--p 015a5000 00:2d 78206                      /usr/local/sdkman/candidates/java/25.0.2-ms/lib/server/libjvm.so
77b4d2fe2000-77b4d300d000 rw-p 0168e000 00:2d 78206                      /usr/local/sdkman/candidates/java/25.0.2-ms/lib/server/libjvm.so
77b4d300d000-77b4d308d000 rw-p 00000000 00:00 0 
77b4d308d000-77b4d308e000 r--p 00000000 00:2d 1049543                    /usr/lib/x86_64-linux-gnu/libpthread.so.0
77b4d308e000-77b4d308f000 r-xp 00001000 00:2d 1049543                    /usr/lib/x86_64-linux-gnu/libpthread.so.0
77b4d308f000-77b4d3090000 r--p 00002000 00:2d 1049543                    /usr/lib/x86_64-linux-gnu/libpthread.so.0
77b4d3090000-77b4d3091000 r--p 00002000 00:2d 1049543                    /usr/lib/x86_64-linux-gnu/libpthread.so.0
77b4d3091000-77b4d3092000 rw-p 00003000 00:2d 1049543                    /usr/lib/x86_64-linux-gnu/libpthread.so.0
77b4d3092000-77b4d3093000 r--p 00000000 00:2d 1049478                    /usr/lib/x86_64-linux-gnu/libdl.so.2
77b4d3093000-77b4d3094000 r-xp 00001000 00:2d 1049478                    /usr/lib/x86_64-linux-gnu/libdl.so.2
77b4d3094000-77b4d3095000 r--p 00002000 00:2d 1049478                    /usr/lib/x86_64-linux-gnu/libdl.so.2
77b4d3095000-77b4d3096000 r--p 00002000 00:2d 1049478                    /usr/lib/x86_64-linux-gnu/libdl.so.2
77b4d3096000-77b4d3097000 rw-p 00003000 00:2d 1049478                    /usr/lib/x86_64-linux-gnu/libdl.so.2
77b4d3097000-77b4d3099000 r--p 00000000 00:2d 1049577                    /usr/lib/x86_64-linux-gnu/libz.so.1.3
77b4d3099000-77b4d30ab000 r-xp 00002000 00:2d 1049577                    /usr/lib/x86_64-linux-gnu/libz.so.1.3
77b4d30ab000-77b4d30b1000 r--p 00014000 00:2d 1049577                    /usr/lib/x86_64-linux-gnu/libz.so.1.3
77b4d30b1000-77b4d30b2000 r--p 0001a000 00:2d 1049577                    /usr/lib/x86_64-linux-gnu/libz.so.1.3
77b4d30b2000-77b4d30b3000 rw-p 0001b000 00:2d 1049577                    /usr/lib/x86_64-linux-gnu/libz.so.1.3
77b4d30b3000-77b4d30db000 r--p 00000000 00:2d 1049464                    /usr/lib/x86_64-linux-gnu/libc.so.6
77b4d30db000-77b4d3263000 r-xp 00028000 00:2d 1049464                    /usr/lib/x86_64-linux-gnu/libc.so.6
77b4d3263000-77b4d32b2000 r--p 001b0000 00:2d 1049464                    /usr/lib/x86_64-linux-gnu/libc.so.6
77b4d32b2000-77b4d32b6000 r--p 001fe000 00:2d 1049464                    /usr/lib/x86_64-linux-gnu/libc.so.6
77b4d32b6000-77b4d32b8000 rw-p 00202000 00:2d 1049464                    /usr/lib/x86_64-linux-gnu/libc.so.6
77b4d32b8000-77b4d32c5000 rw-p 00000000 00:00 0 
77b4d32ca000-77b4d32cb000 ---p 00000000 00:00 0 
77b4d32cb000-77b4d32cc000 r--p 00000000 00:00 0 
77b4d32cc000-77b4d32cd000 ---p 00000000 00:00 0 
77b4d32cd000-77b4d32db000 r-xp 00000000 00:2d 78173                      /usr/local/sdkman/candidates/java/25.0.2-ms/lib/libjli.so
77b4d32db000-77b4d32dc000 ---p 0000e000 00:2d 78173                      /usr/local/sdkman/candidates/java/25.0.2-ms/lib/libjli.so
77b4d32dc000-77b4d32dd000 r--p 0000e000 00:2d 78173                      /usr/local/sdkman/candidates/java/25.0.2-ms/lib/libjli.so
77b4d32dd000-77b4d32de000 rw-p 0000f000 00:2d 78173                      /usr/local/sdkman/candidates/java/25.0.2-ms/lib/libjli.so
77b4d32de000-77b4d32e0000 rw-p 00000000 00:00 0 
77b4d32e0000-77b4d32e1000 r--p 00000000 00:2d 1049444                    /usr/lib/x86_64-linux-gnu/ld-linux-x86-64.so.2
77b4d32e1000-77b4d330c000 r-xp 00001000 00:2d 1049444                    /usr/lib/x86_64-linux-gnu/ld-linux-x86-64.so.2
77b4d330c000-77b4d3316000 r--p 0002c000 00:2d 1049444                    /usr/lib/x86_64-linux-gnu/ld-linux-x86-64.so.2
77b4d3316000-77b4d3318000 r--p 00036000 00:2d 1049444                    /usr/lib/x86_64-linux-gnu/ld-linux-x86-64.so.2
77b4d3318000-77b4d331a000 rw-p 00038000 00:2d 1049444                    /usr/lib/x86_64-linux-gnu/ld-linux-x86-64.so.2
7ffe3b324000-7ffe3b346000 rw-p 00000000 00:00 0                          [stack]
7ffe3b390000-7ffe3b394000 r--p 00000000 00:00 0                          [vvar]
7ffe3b394000-7ffe3b396000 r-xp 00000000 00:00 0                          [vdso]
ffffffffff600000-ffffffffff601000 --xp 00000000 00:00 0                  [vsyscall]
Total number of mappings: 97

JVMTI agents: none


VM Arguments:
jvm_args: -Xmx12288M -Xms12288M 
java_command: server.jar nogui
java_class_path (initial): server.jar
Launcher Type: SUN_STANDARD

[Global flags]
     intx CICompilerCount                          = 2                                         {product} {ergonomic}
     uint ConcGCThreads                            = 1                                         {product} {ergonomic}
     uint G1ConcRefinementThreads                  = 2                                         {product} {ergonomic}
   size_t G1HeapRegionSize                         = 8388608                                   {product} {ergonomic}
   size_t InitialHeapSize                          = 12884901888                               {product} {command line}
   size_t MarkStackSize                            = 4194304                                   {product} {ergonomic}
   size_t MarkStackSizeMax                         = 536870912                                 {product} {ergonomic}
   size_t MaxHeapSize                              = 12884901888                               {product} {command line}
   size_t MinHeapDeltaBytes                        = 8388608                                   {product} {ergonomic}
   size_t MinHeapSize                              = 12884901888                               {product} {command line}
    uintx NonNMethodCodeHeapSize                   = 5824512                                {pd product} {ergonomic}
    uintx NonProfiledCodeHeapSize                  = 122920960                              {pd product} {ergonomic}
    uintx ProfiledCodeHeapSize                     = 122912768                              {pd product} {ergonomic}
    uintx ReservedCodeCacheSize                    = 251658240                              {pd product} {ergonomic}
     bool SegmentedCodeCache                       = true                                      {product} {ergonomic}
   size_t SoftMaxHeapSize                          = 12884901888                            {manageable} {ergonomic}
     bool UseCompressedOops                        = true                           {product lp64_product} {ergonomic}
     bool UseG1GC                                  = true                                      {product} {ergonomic}

Logging:
Log output configuration:
 #0: stdout all=warning uptime,level,tags foldmultilines=false
 #1: stderr all=off uptime,level,tags foldmultilines=false

Release file:
<release file has not been read>
Environment Variables:
JAVA_HOME=/usr/local/sdkman/candidates/java/current
PATH=/usr/local/rvm/gems/ruby-3.4.7/bin:/usr/local/rvm/gems/ruby-3.4.7@global/bin:/usr/local/rvm/rubies/ruby-3.4.7/bin:/vscode/bin/linux-x64/41dd792b5e652393e7787322889ed5fdc58bd75b/bin/remote-cli:/home/codespace/.local/bin:/home/codespace/.dotnet:/home/codespace/nvm/current/bin:/home/codespace/.php/current/bin:/home/codespace/.python/current/bin:/home/codespace/java/current/bin:/home/codespace/.ruby/current/bin:/home/codespace/.local/bin:/usr/local/python/current/bin:/usr/local/py-utils/bin:/usr/local/jupyter:/usr/local/oryx:/usr/local/go/bin:/go/bin:/usr/local/sdkman/bin:/usr/local/sdkman/candidates/java/current/bin:/usr/local/sdkman/candidates/gradle/current/bin:/usr/local/sdkman/candidates/maven/current/bin:/usr/local/sdkman/candidates/ant/current/bin:/usr/local/rvm/gems/default/bin:/usr/local/rvm/gems/default@global/bin:/usr/local/rvm/rubies/default/bin:/usr/local/share/rbenv/bin:/usr/local/php/current/bin:/opt/conda/bin:/usr/local/nvs:/usr/local/share/nvm/versions/node/v24.14.0/bin:/usr/local/hugo/bin:/usr/local/sbin:/usr/local/bin:/usr/sbin:/usr/bin:/sbin:/bin:/usr/share/dotnet:/home/codespace/.dotnet/tools:/usr/local/rvm/bin
SHELL=/bin/bash
LANG=C.UTF-8
TERM=xterm-256color

Active Locale:
LC_ALL=C
LC_COLLATE=C
LC_CTYPE=C
LC_MESSAGES=C
LC_MONETARY=C
LC_NUMERIC=C
LC_TIME=C

Signal Handlers:
   SIGSEGV: crash_handler in libjvm.so, mask=11100100010111111101111111111110, flags=SA_RESTART|SA_SIGINFO, unblocked
    SIGBUS: crash_handler in libjvm.so, mask=11100100010111111101111111111110, flags=SA_RESTART|SA_SIGINFO, unblocked
    SIGFPE: crash_handler in libjvm.so, mask=11100100010111111101111111111110, flags=SA_RESTART|SA_SIGINFO, unblocked
   SIGPIPE: javaSignalHandler in libjvm.so, mask=11100100010111111101111111111110, flags=SA_RESTART|SA_SIGINFO, blocked
   SIGXFSZ: javaSignalHandler in libjvm.so, mask=11100100010111111101111111111110, flags=SA_RESTART|SA_SIGINFO, blocked
    SIGILL: crash_handler in libjvm.so, mask=11100100010111111101111111111110, flags=SA_RESTART|SA_SIGINFO, unblocked
   SIGUSR2: SR_handler in libjvm.so, mask=00000000000000000000000000000000, flags=SA_RESTART|SA_SIGINFO, blocked
    SIGHUP: SIG_DFL, mask=00000000000000000000000000000000, flags=none, blocked
    SIGINT: SIG_DFL, mask=00000000000000000000000000000000, flags=none, blocked
   SIGTERM: SIG_DFL, mask=00000000000000000000000000000000, flags=none, blocked
   SIGQUIT: UserHandler in libjvm.so, mask=11100100010111111101111111111110, flags=SA_RESTART|SA_SIGINFO, blocked
   SIGTRAP: crash_handler in libjvm.so, mask=11100100010111111101111111111110, flags=SA_RESTART|SA_SIGINFO, unblocked


Compilation memory statistics disabled.

Periodic native trim disabled

---------------  S Y S T E M  ---------------

OS:
DISTRIB_ID=Ubuntu
DISTRIB_RELEASE=24.04
DISTRIB_CODENAME=noble
DISTRIB_DESCRIPTION="Ubuntu 24.04.4 LTS"
uname: Linux 6.8.0-1044-azure #50~22.04.1-Ubuntu SMP Wed Dec  3 15:13:22 UTC 2025 x86_64
OS uptime: 0 days 0:29 hours
libc: glibc 2.39 NPTL 2.39 
rlimit (soft/hard): STACK 8192k/infinity , CORE infinity/infinity , NPROC infinity/infinity , NOFILE 524288/524288 , AS infinity/infinity , CPU infinity/infinity , DATA infinity/infinity , FSIZE infinity/infinity , MEMLOCK 8192k/8192k
load average: 0.35 0.92 1.19

/proc/meminfo:
MemTotal:        8135228 kB
MemFree:          185356 kB
MemAvailable:    6243548 kB
Buffers:          197128 kB
Cached:          5917156 kB
SwapCached:            0 kB
Active:          3087404 kB
Inactive:        4259348 kB
Active(anon):    1117132 kB
Inactive(anon):   189168 kB
Active(file):    1970272 kB
Inactive(file):  4070180 kB
Unevictable:       31084 kB
Mlocked:           28012 kB
SwapTotal:             0 kB
SwapFree:              0 kB
Zswap:                 0 kB
Zswapped:              0 kB
Dirty:              4116 kB
Writeback:             4 kB
AnonPages:       1237252 kB
Mapped:           616560 kB
Shmem:             64724 kB
KReclaimable:     331368 kB
Slab:             429024 kB
SReclaimable:     331368 kB
SUnreclaim:        97656 kB
KernelStack:        8272 kB
PageTables:        20876 kB
SecPageTables:         0 kB
NFS_Unstable:          0 kB
Bounce:                0 kB
WritebackTmp:          0 kB
CommitLimit:     4067612 kB
Committed_AS:    4098272 kB
VmallocTotal:   34359738367 kB
VmallocUsed:       41624 kB
VmallocChunk:          0 kB
Percpu:             1208 kB
HardwareCorrupted:     0 kB
AnonHugePages:    604160 kB
ShmemHugePages:        0 kB
ShmemPmdMapped:        0 kB
FileHugePages:         0 kB
FilePmdMapped:         0 kB
Unaccepted:            0 kB
HugePages_Total:       0
HugePages_Free:        0
HugePages_Rsvd:        0
HugePages_Surp:        0
Hugepagesize:       2048 kB
Hugetlb:               0 kB
DirectMap4k:      180160 kB
DirectMap2M:     5062656 kB
DirectMap1G:     5242880 kB

/sys/kernel/mm/transparent_hugepage/enabled: [always] madvise never
/sys/kernel/mm/transparent_hugepage/hpage_pmd_size: 2097152
/sys/kernel/mm/transparent_hugepage/shmem_enabled: always within_size advise [never] deny force
/sys/kernel/mm/transparent_hugepage/defrag (defrag/compaction efforts parameter): always defer defer+madvise [madvise] never

Process Memory:
Virtual Size: 972512K (peak: 13550492K)
Resident Set Size: 21376K (peak: 21376K) (anon: 7552K, file: 13824K, shmem: 0K)
Swapped out: 0K
C-Heap outstanding allocations: 10353K, retained: 590K
glibc malloc tunables: (default)

/proc/sys/kernel/threads-max (system-wide limit on the number of threads): 63498
/proc/sys/vm/max_map_count (maximum number of memory map areas a process may have): 65530
/proc/sys/vm/swappiness (control to define how aggressively the kernel swaps out anonymous memory): 60
/proc/sys/kernel/pid_max (system-wide limit on number of process identifiers): 4194304

container information not found.
Hyper-V virtualization detected
Steal ticks since vm start: 0
Steal ticks percentage since vm start:  0.000

CPU: total 2 (initial active 2) (16 cores per cpu, 2 threads per core) family 25 model 1 stepping 1 microcode 0xffffffff, cx8, cmov, fxsr, ht, mmx, 3dnowpref, sse, sse2, sse3, ssse3, sse4a, sse4.1, sse4.2, popcnt, lzcnt, tsc, tscinvbit, avx, avx2, aes, erms, clmul, bmi1, bmi2, adx, sha, fma, vzeroupper, clflush, clflushopt, clwb, hv, rdtscp, rdpid, fsrm, f16c, cet_ss
CPU Model and flags from /proc/cpuinfo:
model name	: AMD EPYC 7763 64-Core Processor
flags		: fpu vme de pse tsc msr pae mce cx8 apic sep mtrr pge mca cmov pat pse36 clflush mmx fxsr sse sse2 ht syscall nx mmxext fxsr_opt pdpe1gb rdtscp lm constant_tsc rep_good nopl tsc_reliable nonstop_tsc cpuid extd_apicid aperfmperf tsc_known_freq pni pclmulqdq ssse3 fma cx16 pcid sse4_1 sse4_2 movbe popcnt aes xsave avx f16c rdrand hypervisor lahf_lm cmp_legacy svm cr8_legacy abm sse4a misalignsse 3dnowprefetch osvw topoext vmmcall fsgsbase bmi1 avx2 smep bmi2 erms invpcid rdseed adx smap clflushopt clwb sha_ni xsaveopt xsavec xgetbv1 xsaves user_shstk clzero xsaveerptr rdpru arat npt nrip_save tsc_scale vmcb_clean flushbyasid decodeassists pausefilter pfthreshold v_vmsave_vmload umip vaes vpclmulqdq rdpid fsrm

Online cpus: 0-1
Offline cpus: 
BIOS frequency limitation: <Not Available>
Frequency switch latency (ns): <Not Available>
Available cpu frequencies: <Not Available>
Current governor: <Not Available>
Core performance/turbo boost: <Not Available>

Memory: 4k page, physical 8135228k(6243548k free), swap 0k(0k free)
Page Sizes: 4k

vm_info: OpenJDK 64-Bit Server VM (25.0.2+10-LTS) for linux-amd64 JRE (25.0.2+10-LTS), built on 2026-01-07T20:08:09Z with gcc 11.3.0

END.
