[18:14:11] [ServerMain/INFO]: Environment: Environment[sessionHost=https://sessionserver.mojang.com, servicesHost=https://api.minecraftservices.com, profilesHost=https://api.mojang.com, name=PROD]
[18:14:16] [ServerMain/INFO]: Loaded 1515 recipes
[18:14:16] [ServerMain/INFO]: Loaded 1617 advancements
[18:14:16] [Server thread/INFO]: Starting minecraft server version 26.1.2
[18:14:16] [Server thread/INFO]: Loading properties
[18:14:16] [Server thread/INFO]: Default game type: SURVIVAL
[18:14:16] [Server thread/INFO]: Generating keypair
[18:14:16] [Server thread/INFO]: Starting Minecraft server on *:25565
[18:14:16] [Server thread/WARN]: **** SERVER IS RUNNING IN OFFLINE/INSECURE MODE!
[18:14:16] [Server thread/WARN]: The server will make no attempt to authenticate usernames. Beware.
[18:14:16] [Server thread/WARN]: While this makes the game possible to play without internet access, it also opens up the ability for hackers to connect with any username they choose.
[18:14:16] [Server thread/WARN]: To change this, set "online-mode" to "true" in the server.properties file.
[18:14:16] [Server thread/INFO]: Preparing level "world"
[18:14:19] [Server thread/INFO]: Loading 0 persistent chunks...
[18:14:19] [Server thread/INFO]: Preparing spawn area: 100%
[18:14:19] [Server thread/INFO]: Time elapsed: 22 ms
[18:14:19] [Server thread/INFO]: Done (2.289s)! For help, type "help"
[18:14:19] [Server thread/INFO]: Saving chunks for level 'ServerLevel[world]'/minecraft:overworld
[18:14:19] [Server thread/INFO]: Saving chunks for level 'ServerLevel[world]'/minecraft:the_end
[18:14:19] [Server thread/INFO]: Saving chunks for level 'ServerLevel[world]'/minecraft:the_nether
[18:14:19] [Server thread/INFO]: ThreadedAnvilChunkStorage (world): All chunks are saved
[18:14:19] [Server thread/INFO]: ThreadedAnvilChunkStorage (DIM1): All chunks are saved
[18:14:19] [Server thread/INFO]: ThreadedAnvilChunkStorage (DIM-1): All chunks are saved
[18:14:19] [Server thread/INFO]: ThreadedAnvilChunkStorage: All dimensions are saved
[18:15:19] [Server thread/INFO]: Server empty for 60 seconds, pausing
[18:16:42] [Server thread/INFO]: ItzAwmTeam[/127.131.62.27:48417] logged in with entity id 48 at (-286.4471033079931, 67.0625, 223.30000001192093)
[18:16:42] [Server thread/INFO]: ItzAwmTeam joined the game
[18:16:45] [Server thread/WARN]: Can't keep up! Is the server overloaded? Running 2012ms or 40 ticks behind
[18:17:03] [Server thread/WARN]: Can't keep up! Is the server overloaded? Running 2492ms or 49 ticks behind
[18:17:09] [Server thread/INFO]: Made ItzAwmTeam a server operator
[18:17:22] [Server thread/WARN]: Can't keep up! Is the server overloaded? Running 4089ms or 81 ticks behind
[18:17:39] [Server thread/WARN]: Can't keep up! Is the server overloaded? Running 2051ms or 41 ticks behind
[18:20:24] [Server thread/INFO]: ItzAwmTeam lost connection: Disconnected
[18:20:24] [Server thread/INFO]: ItzAwmTeam left the game
[18:20:49] [Server thread/INFO]: Stopping the server
[18:20:49] [Server thread/INFO]: Stopping server
[18:20:49] [Server thread/INFO]: Saving players
[18:20:49] [Server thread/INFO]: Saving worlds
[18:20:49] [Server thread/INFO]: Saving chunks for level 'ServerLevel[world]'/minecraft:overworld
[18:20:49] [Server thread/INFO]: Saving chunks for level 'ServerLevel[world]'/minecraft:the_end
[18:20:50] [Server thread/INFO]: Saving chunks for level 'ServerLevel[world]'/minecraft:the_nether
[18:20:50] [Server thread/INFO]: ThreadedAnvilChunkStorage (world): All chunks are saved
[18:20:50] [Server thread/INFO]: ThreadedAnvilChunkStorage (DIM1): All chunks are saved
[18:20:50] [Server thread/INFO]: ThreadedAnvilChunkStorage (DIM-1): All chunks are saved
[18:20:50] [Server thread/INFO]: ThreadedAnvilChunkStorage: All dimensions are saved
